\BOOKMARK [0][-]{chapter.1}{Introduction}{}% 1
\BOOKMARK [1][-]{section.1.1}{Motivation \(Why to Automate CR Assignment?\)}{chapter.1}% 2
\BOOKMARK [1][-]{section.1.2}{Problem Statement}{chapter.1}% 3
\BOOKMARK [1][-]{section.1.3}{Overview of the Proposal}{chapter.1}% 4
\BOOKMARK [1][-]{section.1.4}{Research Methodology}{chapter.1}% 5
\BOOKMARK [1][-]{section.1.5}{Out of Scope}{chapter.1}% 6
\BOOKMARK [1][-]{section.1.6}{Statement of the Contributions}{chapter.1}% 7
\BOOKMARK [1][-]{section.1.7}{Organization of the Thesis}{chapter.1}% 8
\BOOKMARK [0][-]{chapter.2}{Background Chapter}{}% 9
\BOOKMARK [1][-]{section.2.1}{Introduction}{chapter.2}% 10
\BOOKMARK [1][-]{section.2.2}{Section}{chapter.2}% 11
\BOOKMARK [2][-]{subsection.2.2.1}{Subsection}{section.2.2}% 12
\BOOKMARK [0][-]{chapter.3}{Development Chapter}{}% 13
\BOOKMARK [1][-]{section.3.1}{Introduction}{chapter.3}% 14
\BOOKMARK [1][-]{section.3.2}{Section}{chapter.3}% 15
\BOOKMARK [2][-]{subsection.3.2.1}{Subsection}{section.3.2}% 16
\BOOKMARK [0][-]{chapter.4}{Conclusion}{}% 17
\BOOKMARK [1][-]{section.4.1}{Introduction}{chapter.4}% 18
\BOOKMARK [1][-]{section.4.2}{Section}{chapter.4}% 19
\BOOKMARK [2][-]{subsection.4.2.1}{Subsection}{section.4.2}% 20
\BOOKMARK [0][-]{chapter*.16}{References}{}% 21
\BOOKMARK [0][-]{section*.17}{Ap\352ndice}{}% 22
\BOOKMARK [0][-]{appendix.A}{Mapping Study's Instruments}{}% 23
